<?xml version="1.0" encoding="UTF-8"?>
<testng-results skipped="0" failed="0" ignored="0" total="3" passed="3">
  <reporter-output>
  </reporter-output>
  <suite name="Default suite" duration-ms="25" started-at="2018-09-20T08:42:54Z" finished-at="2018-09-20T08:42:54Z">
    <groups>
    </groups>
    <test name="Default test" duration-ms="25" started-at="2018-09-20T08:42:54Z" finished-at="2018-09-20T08:42:54Z">
      <class name="com.epam.testng.TestNGsample">
        <test-method status="PASS" signature="loginApplication()[pri:1, instance:com.epam.testng.TestNGsample@215be6bb]" name="loginApplication" duration-ms="6" started-at="2018-09-20T08:42:54Z" description="This test case will verify login functionality " finished-at="2018-09-20T08:42:54Z">
          <reporter-output>
          </reporter-output>
        </test-method> <!-- loginApplication -->
        <test-method status="PASS" signature="items()[pri:2, instance:com.epam.testng.TestNGsample@215be6bb]" name="items" duration-ms="1" started-at="2018-09-20T08:42:54Z" description="This test case will add the items " finished-at="2018-09-20T08:42:54Z">
          <reporter-output>
          </reporter-output>
        </test-method> <!-- items -->
        <test-method status="PASS" signature="checkout()[pri:3, instance:com.epam.testng.TestNGsample@215be6bb]" name="checkout" duration-ms="1" started-at="2018-09-20T08:42:54Z" description="This test case will checkout for the bill" finished-at="2018-09-20T08:42:54Z">
          <reporter-output>
          </reporter-output>
        </test-method> <!-- checkout -->
      </class> <!-- com.epam.testng.TestNGsample -->
    </test> <!-- Default test -->
  </suite> <!-- Default suite -->
</testng-results>
