<?xml version="1.0" encoding="UTF-8"?>
<!-- Generated by org.testng.reporters.JUnitXMLReporter -->
<testsuite hostname="EPINHYDW0143" ignored="0" name="Default test" tests="3" failures="0" timestamp="20 Sep 2018 08:42:54 GMT" time="0.025" errors="0">
  <testcase name="loginApplication" time="0.006" classname="com.epam.testng.TestNGsample"/>
  <testcase name="items" time="0.001" classname="com.epam.testng.TestNGsample"/>
  <testcase name="checkout" time="0.001" classname="com.epam.testng.TestNGsample"/>
</testsuite> <!-- Default test -->
